build/app/intermediates/manifest_merge_blame_file/release/manifest-merger-blame-release-report.txt
1<?xml version="1.0" encoding="utf-8"?>
2<manifest xmlns:android="http://schemas.android.com/apk/res/android"
3    package="com.nitelite.mobileweb.web_browser"
4    android:versionCode="1"
5    android:versionName="1.0.0" >
6
7    <uses-sdk
8        android:minSdkVersion="21"
8-->src\main\AndroidManifest.xml
9        android:targetSdkVersion="31" />
9-->src\main\AndroidManifest.xml
10
11    <uses-permission android:name="android.permission.INTERNET" />
11-->src\main\AndroidManifest.xml:3:4-65
11-->src\main\AndroidManifest.xml:3:21-63
12    <uses-permission android:name="android.permission.ACCESS_NETWORK_STATE" />
12-->src\main\AndroidManifest.xml:4:5-79
12-->src\main\AndroidManifest.xml:4:22-76
13    <uses-permission android:name="android.permission.RECORD_AUDIO" />
13-->src\main\AndroidManifest.xml:5:5-70
13-->src\main\AndroidManifest.xml:5:22-68
14    <uses-permission android:name="android.permission.BLUETOOTH" />
14-->src\main\AndroidManifest.xml:6:5-67
14-->src\main\AndroidManifest.xml:6:22-65
15    <uses-permission android:name="android.permission.BLUETOOTH_CONNECT" />
15-->[:speech_to_text] AndroidManifest.xml:9:5-76
15-->[:speech_to_text] AndroidManifest.xml:9:22-73
16
17    <queries>
17-->[:flutter_inappwebview] AndroidManifest.xml:9:5-13:15
18        <intent>
18-->[:flutter_inappwebview] AndroidManifest.xml:10:9-12:18
19            <action android:name="android.support.customtabs.action.CustomTabsService" />
19-->[:flutter_inappwebview] AndroidManifest.xml:11:13-90
19-->[:flutter_inappwebview] AndroidManifest.xml:11:21-87
20        </intent>
21    </queries>
22
23    <application
24        android:name="android.app.Application"
24-->src\main\AndroidManifest.xml:10:9-42
25        android:appComponentFactory="androidx.core.app.CoreComponentFactory"
25-->[androidx.core:core:1.7.0] AndroidManifest.xml:24:18-86
26        android:icon="@mipmap/ic_launcher"
26-->src\main\AndroidManifest.xml:11:9-43
27        android:label="Web Browser Lite"
27-->src\main\AndroidManifest.xml:9:9-41
28        android:networkSecurityConfig="@xml/network_security_config"
28-->src\main\AndroidManifest.xml:13:9-69
29        android:usesCleartextTraffic="true" >
29-->src\main\AndroidManifest.xml:12:9-44
30        <activity
30-->src\main\AndroidManifest.xml:19:9-39:20
31            android:name="com.nitelite.mobileweb.web_browser.MainActivity"
31-->src\main\AndroidManifest.xml:20:13-41
32            android:configChanges="orientation|keyboardHidden|keyboard|screenSize|smallestScreenSize|locale|layoutDirection|fontScale|screenLayout|density|uiMode"
32-->src\main\AndroidManifest.xml:24:13-163
33            android:exported="true"
33-->src\main\AndroidManifest.xml:21:13-36
34            android:hardwareAccelerated="true"
34-->src\main\AndroidManifest.xml:25:13-47
35            android:launchMode="singleTop"
35-->src\main\AndroidManifest.xml:22:13-43
36            android:theme="@style/LaunchTheme"
36-->src\main\AndroidManifest.xml:23:13-47
37            android:windowSoftInputMode="adjustResize" >
37-->src\main\AndroidManifest.xml:26:13-55
38
39            <!--
40                 Specifies an Android theme to apply to this Activity as soon as
41                 the Android process has started. This theme is visible to the user
42                 while the Flutter UI initializes. After that, this theme continues
43                 to determine the Window background behind the Flutter UI.
44            -->
45            <meta-data
45-->src\main\AndroidManifest.xml:31:13-34:17
46                android:name="io.flutter.embedding.android.NormalTheme"
46-->src\main\AndroidManifest.xml:32:15-70
47                android:resource="@style/NormalTheme" />
47-->src\main\AndroidManifest.xml:33:15-52
48
49            <intent-filter>
49-->src\main\AndroidManifest.xml:35:13-38:29
50                <action android:name="android.intent.action.MAIN" />
50-->src\main\AndroidManifest.xml:36:17-68
50-->src\main\AndroidManifest.xml:36:25-66
51
52                <category android:name="android.intent.category.LAUNCHER" />
52-->src\main\AndroidManifest.xml:37:17-76
52-->src\main\AndroidManifest.xml:37:27-74
53            </intent-filter>
54        </activity>
55        <!--
56             Don't delete the meta-data below.
57             This is used by the Flutter tool to generate GeneratedPluginRegistrant.java
58        -->
59        <meta-data
59-->src\main\AndroidManifest.xml:42:9-44:33
60            android:name="flutterEmbedding"
60-->src\main\AndroidManifest.xml:43:13-44
61            android:value="2" />
61-->src\main\AndroidManifest.xml:44:13-30
62        <meta-data
62-->src\main\AndroidManifest.xml:45:9-46:62
63            android:name="io.flutter.network-policy"
63-->src\main\AndroidManifest.xml:45:20-60
64            android:resource="@xml/network_security_config" />
64-->src\main\AndroidManifest.xml:46:13-60
65
66        <activity
66-->[:flutter_inappwebview] AndroidManifest.xml:16:9-20:47
67            android:name="com.pichillilorenzo.flutter_inappwebview.in_app_browser.InAppBrowserActivity"
67-->[:flutter_inappwebview] AndroidManifest.xml:17:13-104
68            android:configChanges="orientation|keyboardHidden|keyboard|screenSize|locale|layoutDirection|fontScale|screenLayout|density"
68-->[:flutter_inappwebview] AndroidManifest.xml:18:13-137
69            android:exported="true"
69-->[:flutter_inappwebview] AndroidManifest.xml:19:13-36
70            android:theme="@style/AppTheme" />
70-->[:flutter_inappwebview] AndroidManifest.xml:20:13-44
71        <activity
71-->[:flutter_inappwebview] AndroidManifest.xml:21:9-24:55
72            android:name="com.pichillilorenzo.flutter_inappwebview.chrome_custom_tabs.ChromeCustomTabsActivity"
72-->[:flutter_inappwebview] AndroidManifest.xml:22:13-112
73            android:exported="true"
73-->[:flutter_inappwebview] AndroidManifest.xml:23:13-36
74            android:theme="@style/ThemeTransparent" />
74-->[:flutter_inappwebview] AndroidManifest.xml:24:13-52
75        <activity
75-->[:flutter_inappwebview] AndroidManifest.xml:25:9-28:55
76            android:name="com.pichillilorenzo.flutter_inappwebview.chrome_custom_tabs.TrustedWebActivity"
76-->[:flutter_inappwebview] AndroidManifest.xml:26:13-106
77            android:exported="true"
77-->[:flutter_inappwebview] AndroidManifest.xml:27:13-36
78            android:theme="@style/ThemeTransparent" />
78-->[:flutter_inappwebview] AndroidManifest.xml:28:13-52
79        <activity
79-->[:flutter_inappwebview] AndroidManifest.xml:29:9-33:55
80            android:name="com.pichillilorenzo.flutter_inappwebview.chrome_custom_tabs.ChromeCustomTabsActivitySingleInstance"
80-->[:flutter_inappwebview] AndroidManifest.xml:30:13-126
81            android:exported="true"
81-->[:flutter_inappwebview] AndroidManifest.xml:31:13-36
82            android:launchMode="singleInstance"
82-->[:flutter_inappwebview] AndroidManifest.xml:32:13-48
83            android:theme="@style/ThemeTransparent" />
83-->[:flutter_inappwebview] AndroidManifest.xml:33:13-52
84        <activity
84-->[:flutter_inappwebview] AndroidManifest.xml:34:9-38:55
85            android:name="com.pichillilorenzo.flutter_inappwebview.chrome_custom_tabs.TrustedWebActivitySingleInstance"
85-->[:flutter_inappwebview] AndroidManifest.xml:35:13-120
86            android:exported="true"
86-->[:flutter_inappwebview] AndroidManifest.xml:36:13-36
87            android:launchMode="singleInstance"
87-->[:flutter_inappwebview] AndroidManifest.xml:37:13-48
88            android:theme="@style/ThemeTransparent" />
88-->[:flutter_inappwebview] AndroidManifest.xml:38:13-52
89
90        <receiver
90-->[:flutter_inappwebview] AndroidManifest.xml:40:9-43:40
91            android:name="com.pichillilorenzo.flutter_inappwebview.chrome_custom_tabs.ActionBroadcastReceiver"
91-->[:flutter_inappwebview] AndroidManifest.xml:41:13-111
92            android:enabled="true"
92-->[:flutter_inappwebview] AndroidManifest.xml:42:13-35
93            android:exported="false" />
93-->[:flutter_inappwebview] AndroidManifest.xml:43:13-37
94
95        <meta-data
95-->[:flutter_inappwebview] AndroidManifest.xml:45:9-47:36
96            android:name="io.flutter.embedded_views_preview"
96-->[:flutter_inappwebview] AndroidManifest.xml:46:13-61
97            android:value="true" />
97-->[:flutter_inappwebview] AndroidManifest.xml:47:13-33
98
99        <uses-library
99-->[androidx.window:window:1.0.0-beta04] AndroidManifest.xml:25:9-27:40
100            android:name="androidx.window.extensions"
100-->[androidx.window:window:1.0.0-beta04] AndroidManifest.xml:26:13-54
101            android:required="false" />
101-->[androidx.window:window:1.0.0-beta04] AndroidManifest.xml:27:13-37
102        <uses-library
102-->[androidx.window:window:1.0.0-beta04] AndroidManifest.xml:28:9-30:40
103            android:name="androidx.window.sidecar"
103-->[androidx.window:window:1.0.0-beta04] AndroidManifest.xml:29:13-51
104            android:required="false" />
104-->[androidx.window:window:1.0.0-beta04] AndroidManifest.xml:30:13-37
105
106        <provider
106-->[androidx.emoji2:emoji2:1.0.0] AndroidManifest.xml:26:9-34:20
107            android:name="androidx.startup.InitializationProvider"
107-->[androidx.emoji2:emoji2:1.0.0] AndroidManifest.xml:27:13-67
108            android:authorities="com.nitelite.mobileweb.web_browser.androidx-startup"
108-->[androidx.emoji2:emoji2:1.0.0] AndroidManifest.xml:28:13-68
109            android:exported="false" >
109-->[androidx.emoji2:emoji2:1.0.0] AndroidManifest.xml:29:13-37
110            <meta-data
110-->[androidx.emoji2:emoji2:1.0.0] AndroidManifest.xml:31:13-33:52
111                android:name="androidx.emoji2.text.EmojiCompatInitializer"
111-->[androidx.emoji2:emoji2:1.0.0] AndroidManifest.xml:32:17-75
112                android:value="androidx.startup" />
112-->[androidx.emoji2:emoji2:1.0.0] AndroidManifest.xml:33:17-49
113            <meta-data
113-->[androidx.lifecycle:lifecycle-process:2.4.0] AndroidManifest.xml:31:13-33:52
114                android:name="androidx.lifecycle.ProcessLifecycleInitializer"
114-->[androidx.lifecycle:lifecycle-process:2.4.0] AndroidManifest.xml:32:17-78
115                android:value="androidx.startup" />
115-->[androidx.lifecycle:lifecycle-process:2.4.0] AndroidManifest.xml:33:17-49
116        </provider>
117    </application>
118
119</manifest>